Wed Oct  4 19:05:09 MSK 2023 - Script started.
Wed Oct  4 19:05:09 MSK 2023 - Direction: right
Wed Oct  4 19:05:09 MSK 2023 - All available windows:
Wed Oct  4 19:05:09 MSK 2023 - Window Title: null
Wed Oct  4 19:05:09 MSK 2023 - Window Title: polybar-main_eDP-1
Wed Oct  4 19:05:09 MSK 2023 - Window Title: Launch Meeting - Zoom - Google Chrome
Wed Oct  4 19:05:09 MSK 2023 - Window Title: v move_floating_focu ~/b/notes
Wed Oct  4 19:05:09 MSK 2023 - Window Title: v debug.log  ~/b/notes
Wed Oct  4 19:05:09 MSK 2023 - Window Title: Alacritty
Wed Oct  4 19:05:09 MSK 2023 - Window Title: _random - WB—Tech - Slack
Wed Oct  4 19:05:09 MSK 2023 - Window Title: wbt_rdp_user ~
Wed Oct  4 19:05:09 MSK 2023 - Window Title: FreeRDP: 91.213.248.13
Wed Oct  4 19:05:09 MSK 2023 - Focused window: 73400322, X: 1029, Y: 239
Wed Oct  4 19:05:09 MSK 2023 - Checking window: , X: , Y: 
Wed Oct  4 19:05:09 MSK 2023 - Calculated distance: -1029
Wed Oct  4 19:05:09 MSK 2023 - No window found in the direction right.
Wed Oct  4 19:05:09 MSK 2023 - Script ended.
Wed Oct  4 19:05:09 MSK 2023 - Script started.
Wed Oct  4 19:05:09 MSK 2023 - Direction: left
Wed Oct  4 19:05:09 MSK 2023 - All available windows:
Wed Oct  4 19:05:09 MSK 2023 - Window Title: null
Wed Oct  4 19:05:09 MSK 2023 - Window Title: polybar-main_eDP-1
Wed Oct  4 19:05:09 MSK 2023 - Window Title: Launch Meeting - Zoom - Google Chrome
Wed Oct  4 19:05:09 MSK 2023 - Window Title: v move_floating_focu ~/b/notes
Wed Oct  4 19:05:09 MSK 2023 - Window Title: v debug.log  ~/b/notes
Wed Oct  4 19:05:09 MSK 2023 - Window Title: Alacritty
Wed Oct  4 19:05:09 MSK 2023 - Window Title: _random - WB—Tech - Slack
Wed Oct  4 19:05:09 MSK 2023 - Window Title: wbt_rdp_user ~
Wed Oct  4 19:05:09 MSK 2023 - Window Title: FreeRDP: 91.213.248.13
Wed Oct  4 19:05:09 MSK 2023 - Focused window: 73400322, X: 1029, Y: 239
Wed Oct  4 19:05:09 MSK 2023 - Checking window: , X: , Y: 
